<?xml version="1.0" encoding="UTF-8"?>
<!-- Generated by org.testng.reporters.JUnitXMLReporter -->
<testsuite hostname="DESKTOP-0P2GBV1" ignored="0" name="Test" tests="2" failures="1" timestamp="2020-03-23T16:44:06 IST" time="30.153" errors="0">
  <testcase name="TravelAgentInvalidLoginTest" time="9.606" classname="testScripts.BookModuleTest"/>
  <testcase name="TravelAgencyTitleTest" time="0.078" classname="testScripts.BookModuleTest">
    <failure type="java.lang.AssertionError" message="expected [TRAVEL AGENT SIGNIN] but found [TRAVEL AGENT LOGIN]">
      <![CDATA[java.lang.AssertionError: expected [TRAVEL AGENT SIGNIN] but found [TRAVEL AGENT LOGIN]
at testScripts.BookModuleTest.TravelAgencyTitleTest(BookModuleTest.java:53)
at java.util.ArrayList.forEach(Unknown Source)
... Removed 32 stack frames]]>
    </failure>
  </testcase> <!-- TravelAgencyTitleTest -->
</testsuite> <!-- Test -->
