-------------------------------------------------------------------------------
Test set: TestSuite
-------------------------------------------------------------------------------
Tests run: 2, Failures: 1, Errors: 0, Skipped: 0, Time elapsed: 37.995 s <<< FAILURE! - in TestSuite
TravelAgencyTitleTest(testScripts.BookModuleTest)  Time elapsed: 0.279 s  <<< FAILURE!
java.lang.AssertionError: expected [TRAVEL AGENT SIGNIN] but found [TRAVEL AGENT LOGIN]
	at testScripts.BookModuleTest.TravelAgencyTitleTest(BookModuleTest.java:53)

